
--------------------------------------------------
TXLib предупреждает:

Программа: c:\Users\grivi\vscodes\VisAlgo\checkers\checkers.exe,

ВНЕЗАПНО: Нарушение доступа к памяти.

#1: Исключение EXCEPTION_ACCESS_VIOLATION (0xC0000005) при выполнении кода по адресу 0x004282C0 в функции can_Beat() в файле C:/Users/grivi/vscodes/VisAlgo/checkers/checkers.cpp на строке 275. Попытка прочесть данные по адресу 0x0000000C. Спасибо _txVectoredExceptionHandler(), что сообщил. Люблю его <3

#1: TXLib [Ver: 00173a, Rev: 171, Date: 2021-09-14 18:45:19 +0400], Instance: 0x0043F71C (32-bit), Flags: CMdRe0, Thread: 0x2C20 (Main). 

--------------------------------------------------
Стек вызовов:

# 0 0x004282C0 in c:\Users\grivi\vscodes\VisAlgo\checkers\checkers.exe: can_Beat() at C:/Users/grivi/vscodes/VisAlgo/checkers/checkers.cpp (275):

    273:     x.iwantplay();
    274:     return 0;
=>  275: }

# 1 0x0042774D in c:\Users\grivi\vscodes\VisAlgo\checkers\checkers.exe: motion() at C:/Users/grivi/vscodes/VisAlgo/checkers/checkers.cpp (275):

    273:     x.iwantplay();
    274:     return 0;
=>  275: }

# 2 0x00428171 in c:\Users\grivi\vscodes\VisAlgo\checkers\checkers.exe: starter() at C:/Users/grivi/vscodes/VisAlgo/checkers/checkers.cpp (275):

    273:     x.iwantplay();
    274:     return 0;
=>  275: }

# 3 0x00428373 in c:\Users\grivi\vscodes\VisAlgo\checkers\checkers.exe: iwantplay() at C:/Users/grivi/vscodes/VisAlgo/checkers/checkers.cpp (275):

    273:     x.iwantplay();
    274:     return 0;
=>  275: }

# 4 0x0041C905 in c:\Users\grivi\vscodes\VisAlgo\checkers\checkers.exe: main() at C:/Users/grivi/vscodes/VisAlgo/checkers/checkers.cpp (273):

    271:     pprepare();
    272:     GAME <8> x;
=>  273:     x.iwantplay();
    274:     return 0;
    275: }

--------------------------------------------------
Developed with:

The Dumb Artist Library (TX Library)
TXLib [Ver: 00173a, Rev: 171, Date: 2021-09-14 18:45:19 +0400]
Copyright (C) Ded (Ilya Dedinsky, http://txlib.ru) <mail@txlib.ru>
See license on: http://txlib.ru

TXLib file:	C:\Users\grivi\vscodes\VisAlgo\TX\TXLib.h
Compiled:	Dec 15 2021 12:09:09, GNU g++ 9.2.0, std=201402L, MinGW Runtime 5.4, 32-bit, Debug
Started:	Dec 15 2021 12:09:17

Run file:	c:\Users\grivi\vscodes\VisAlgo\checkers\checkers.exe
Directory:	C:\MinGW\bin

--------------------------------------------------

--------------------------------------------------
TXLib предупреждает:

Программа: c:\Users\grivi\vscodes\VisAlgo\checkers\checkers.exe,

ВНЕЗАПНО: Нарушение доступа к памяти.

#1: Исключение EXCEPTION_ACCESS_VIOLATION (0xC0000005) при выполнении кода по адресу 0x00428319 в функции can_Beat() в файле C:/Users/grivi/vscodes/VisAlgo/checkers/checkers.cpp на строке 278. Попытка прочесть данные по адресу 0x0000000C. Спасибо _txVectoredExceptionHandler(), что сообщил. Люблю его <3

#1: TXLib [Ver: 00173a, Rev: 171, Date: 2021-09-14 18:45:19 +0400], Instance: 0x0043F71C (32-bit), Flags: CMdRe0, Thread: 0x590C (Main). 

--------------------------------------------------
Стек вызовов:

# 0 0x00428319 in c:\Users\grivi\vscodes\VisAlgo\checkers\checkers.exe: can_Beat() at C:/Users/grivi/vscodes/VisAlgo/checkers/checkers.cpp (278):

    276:     x.iwantplay();
    277:     return 0;
=>  278: }

# 1 0x0042776E in c:\Users\grivi\vscodes\VisAlgo\checkers\checkers.exe: motion() at C:/Users/grivi/vscodes/VisAlgo/checkers/checkers.cpp (278):

    276:     x.iwantplay();
    277:     return 0;
=>  278: }

# 2 0x004281B1 in c:\Users\grivi\vscodes\VisAlgo\checkers\checkers.exe: starter() at C:/Users/grivi/vscodes/VisAlgo/checkers/checkers.cpp (278):

    276:     x.iwantplay();
    277:     return 0;
=>  278: }

# 3 0x004283CB in c:\Users\grivi\vscodes\VisAlgo\checkers\checkers.exe: iwantplay() at C:/Users/grivi/vscodes/VisAlgo/checkers/checkers.cpp (278):

    276:     x.iwantplay();
    277:     return 0;
=>  278: }

# 4 0x0041C905 in c:\Users\grivi\vscodes\VisAlgo\checkers\checkers.exe: main() at C:/Users/grivi/vscodes/VisAlgo/checkers/checkers.cpp (276):

    274:     pprepare();
    275:     GAME <8> x;
=>  276:     x.iwantplay();
    277:     return 0;
    278: }

--------------------------------------------------
Developed with:

The Dumb Artist Library (TX Library)
TXLib [Ver: 00173a, Rev: 171, Date: 2021-09-14 18:45:19 +0400]
Copyright (C) Ded (Ilya Dedinsky, http://txlib.ru) <mail@txlib.ru>
See license on: http://txlib.ru

TXLib file:	C:\Users\grivi\vscodes\VisAlgo\TX\TXLib.h
Compiled:	Dec 15 2021 12:41:36, GNU g++ 9.2.0, std=201402L, MinGW Runtime 5.4, 32-bit, Debug
Started:	Dec 15 2021 12:41:43

Run file:	c:\Users\grivi\vscodes\VisAlgo\checkers\checkers.exe
Directory:	C:\MinGW\bin

--------------------------------------------------

--------------------------------------------------
TXLib предупреждает:

Программа: c:\Users\grivi\vscodes\VisAlgo\checkers\checkers.exe,

ВНЕЗАПНО: Нарушение доступа к памяти.

#1: Исключение EXCEPTION_ACCESS_VIOLATION (0xC0000005) при выполнении кода по адресу 0x0042857C в функции can_Beat() в файле C:/Users/grivi/vscodes/VisAlgo/checkers/checkers.cpp на строке 302. Попытка прочесть данные по адресу 0x0000000C. Спасибо _txVectoredExceptionHandler(), что сообщил. Люблю его <3

#1: TXLib [Ver: 00173a, Rev: 171, Date: 2021-09-14 18:45:19 +0400], Instance: 0x0044071C (32-bit), Flags: CMdRe0, Thread: 0x5C8 (Main). 

--------------------------------------------------
Стек вызовов:

# 0 0x0042857C in c:\Users\grivi\vscodes\VisAlgo\checkers\checkers.exe: can_Beat() at C:/Users/grivi/vscodes/VisAlgo/checkers/checkers.cpp (302):

    300:     x.iwantplay();
    301:     return 0;
=>  302: }

# 1 0x00427797 in c:\Users\grivi\vscodes\VisAlgo\checkers\checkers.exe: motion() at C:/Users/grivi/vscodes/VisAlgo/checkers/checkers.cpp (302):

    300:     x.iwantplay();
    301:     return 0;
=>  302: }

# 2 0x0042842D in c:\Users\grivi\vscodes\VisAlgo\checkers\checkers.exe: starter() at C:/Users/grivi/vscodes/VisAlgo/checkers/checkers.cpp (302):

    300:     x.iwantplay();
    301:     return 0;
=>  302: }

# 3 0x0042862F in c:\Users\grivi\vscodes\VisAlgo\checkers\checkers.exe: iwantplay() at C:/Users/grivi/vscodes/VisAlgo/checkers/checkers.cpp (302):

    300:     x.iwantplay();
    301:     return 0;
=>  302: }

# 4 0x0041C905 in c:\Users\grivi\vscodes\VisAlgo\checkers\checkers.exe: main() at C:/Users/grivi/vscodes/VisAlgo/checkers/checkers.cpp (300):

    298:     pprepare();
    299:     GAME <8> x;
=>  300:     x.iwantplay();
    301:     return 0;
    302: }

--------------------------------------------------
Developed with:

The Dumb Artist Library (TX Library)
TXLib [Ver: 00173a, Rev: 171, Date: 2021-09-14 18:45:19 +0400]
Copyright (C) Ded (Ilya Dedinsky, http://txlib.ru) <mail@txlib.ru>
See license on: http://txlib.ru

TXLib file:	C:\Users\grivi\vscodes\VisAlgo\TX\TXLib.h
Compiled:	Dec 15 2021 13:42:19, GNU g++ 9.2.0, std=201402L, MinGW Runtime 5.4, 32-bit, Debug
Started:	Dec 15 2021 13:42:31

Run file:	c:\Users\grivi\vscodes\VisAlgo\checkers\checkers.exe
Directory:	C:\MinGW\bin

--------------------------------------------------
